{"/app/src/index.ts": {"path":"/app/src/index.ts","statementMap":{"0":{"start":{"line":1,"column":0},"end":{"line":1,"column":30}},"1":{"start":{"line":2,"column":0},"end":{"line":2,"column":46}},"2":{"start":{"line":3,"column":0},"end":{"line":3,"column":24}},"3":{"start":{"line":5,"column":0},"end":{"line":5,"column":33}},"4":{"start":{"line":6,"column":0},"end":{"line":6,"column":29}},"5":{"start":{"line":7,"column":0},"end":{"line":7,"column":56}},"6":{"start":{"line":8,"column":0},"end":{"line":8,"column":61}},"7":{"start":{"line":10,"column":0},"end":{"line":10,"column":16}},"8":{"start":{"line":11,"column":13},"end":{"line":11,"column":29}},"9":{"start":{"line":12,"column":13},"end":{"line":12,"column":41}},"10":{"start":{"line":15,"column":20},"end":{"line":19,"column":2}},"11":{"start":{"line":21,"column":0},"end":{"line":21,"column":27}},"12":{"start":{"line":22,"column":0},"end":{"line":22,"column":24}},"13":{"start":{"line":25,"column":0},"end":{"line":25,"column":72}},"14":{"start":{"line":28,"column":0},"end":{"line":30,"column":3}},"15":{"start":{"line":29,"column":2},"end":{"line":29,"column":39}},"16":{"start":{"line":33,"column":0},"end":{"line":33,"column":44}},"17":{"start":{"line":36,"column":0},"end":{"line":36,"column":22}},"18":{"start":{"line":39,"column":0},"end":{"line":44,"column":null}},"19":{"start":{"line":40,"column":15},"end":{"line":40,"column":39}},"20":{"start":{"line":41,"column":2},"end":{"line":43,"column":5}},"21":{"start":{"line":42,"column":4},"end":{"line":42,"column":53}},"22":{"start":{"line":46,"column":0},"end":{"line":46,"column":19}}},"fnMap":{"0":{"name":"(anonymous_7)","decl":{"start":{"line":28,"column":13},"end":{"line":28,"column":14}},"loc":{"start":{"line":28,"column":26},"end":{"line":30,"column":1}}},"1":{"name":"(anonymous_8)","decl":{"start":{"line":41,"column":19},"end":{"line":41,"column":22}},"loc":{"start":{"line":41,"column":24},"end":{"line":43,"column":3}}}},"branchMap":{"0":{"loc":{"start":{"line":16,"column":10},"end":{"line":16,"column":40}},"type":"binary-expr","locations":[{"start":{"line":16,"column":10},"end":{"line":16,"column":33}},{"start":{"line":16,"column":37},"end":{"line":16,"column":40}}]},"1":{"loc":{"start":{"line":39,"column":0},"end":{"line":44,"column":null}},"type":"if","locations":[{"start":{"line":39,"column":0},"end":{"line":44,"column":null}}]},"2":{"loc":{"start":{"line":40,"column":15},"end":{"line":40,"column":39}},"type":"binary-expr","locations":[{"start":{"line":40,"column":15},"end":{"line":40,"column":31}},{"start":{"line":40,"column":35},"end":{"line":40,"column":39}}]}},"s":{"0":4,"1":4,"2":4,"3":4,"4":4,"5":4,"6":4,"7":4,"8":4,"9":4,"10":4,"11":4,"12":4,"13":4,"14":4,"15":1,"16":4,"17":4,"18":4,"19":0,"20":0,"21":0,"22":4},"f":{"0":1,"1":0},"b":{"0":[4,4],"1":[0],"2":[0,0]}}
,"/app/src/controllers/candidate.controller.ts": {"path":"/app/src/controllers/candidate.controller.ts","statementMap":{"0":{"start":{"line":2,"column":0},"end":{"line":2,"column":54}},"1":{"start":{"line":5,"column":0},"end":{"line":5,"column":61}},"2":{"start":{"line":6,"column":0},"end":{"line":6,"column":null}},"3":{"start":{"line":16,"column":15},"end":{"line":16,"column":33}},"4":{"start":{"line":17,"column":23},"end":{"line":17,"column":43}},"5":{"start":{"line":18,"column":25},"end":{"line":18,"column":28}},"6":{"start":{"line":21,"column":22},"end":{"line":23,"column":1}},"7":{"start":{"line":22,"column":2},"end":{"line":22,"column":106}},"8":{"start":{"line":26,"column":32},"end":{"line":38,"column":1}},"9":{"start":{"line":32,"column":34},"end":{"line":32,"column":36}},"10":{"start":{"line":33,"column":2},"end":{"line":33,"column":68}},"11":{"start":{"line":33,"column":36},"end":{"line":33,"column":68}},"12":{"start":{"line":34,"column":2},"end":{"line":34,"column":66}},"13":{"start":{"line":34,"column":35},"end":{"line":34,"column":66}},"14":{"start":{"line":35,"column":2},"end":{"line":35,"column":60}},"15":{"start":{"line":35,"column":32},"end":{"line":35,"column":60}},"16":{"start":{"line":36,"column":2},"end":{"line":36,"column":60}},"17":{"start":{"line":36,"column":32},"end":{"line":36,"column":60}},"18":{"start":{"line":37,"column":2},"end":{"line":37,"column":23}},"19":{"start":{"line":41,"column":33},"end":{"line":45,"column":2}},"20":{"start":{"line":41,"column":99},"end":{"line":45,"column":2}},"21":{"start":{"line":47,"column":28},"end":{"line":52,"column":1}},"22":{"start":{"line":48,"column":2},"end":{"line":50,"column":null}},"23":{"start":{"line":49,"column":4},"end":{"line":49,"column":71}},"24":{"start":{"line":51,"column":2},"end":{"line":51,"column":14}},"25":{"start":{"line":54,"column":29},"end":{"line":84,"column":1}},"26":{"start":{"line":55,"column":22},"end":{"line":63,"column":4}},"27":{"start":{"line":65,"column":27},"end":{"line":65,"column":29}},"28":{"start":{"line":66,"column":23},"end":{"line":66,"column":28}},"29":{"start":{"line":68,"column":2},"end":{"line":78,"column":null}},"30":{"start":{"line":69,"column":4},"end":{"line":77,"column":null}},"31":{"start":{"line":70,"column":6},"end":{"line":70,"column":45}},"32":{"start":{"line":72,"column":6},"end":{"line":72,"column":28}},"33":{"start":{"line":73,"column":6},"end":{"line":76,"column":null}},"34":{"start":{"line":74,"column":22},"end":{"line":74,"column":61}},"35":{"start":{"line":75,"column":8},"end":{"line":75,"column":38}},"36":{"start":{"line":75,"column":19},"end":{"line":75,"column":38}},"37":{"start":{"line":80,"column":2},"end":{"line":83,"column":4}},"38":{"start":{"line":87,"column":32},"end":{"line":95,"column":1}},"39":{"start":{"line":88,"column":73},"end":{"line":92,"column":4}},"40":{"start":{"line":94,"column":2},"end":{"line":94,"column":73}},"41":{"start":{"line":97,"column":31},"end":{"line":139,"column":2}},"42":{"start":{"line":97,"column":88},"end":{"line":139,"column":2}},"43":{"start":{"line":98,"column":2},"end":{"line":138,"column":null}},"44":{"start":{"line":99,"column":34},"end":{"line":99,"column":42}},"45":{"start":{"line":102,"column":26},"end":{"line":102,"column":56}},"46":{"start":{"line":103,"column":4},"end":{"line":107,"column":null}},"47":{"start":{"line":104,"column":6},"end":{"line":106,"column":9}},"48":{"start":{"line":110,"column":35},"end":{"line":110,"column":37}},"49":{"start":{"line":111,"column":29},"end":{"line":111,"column":92}},"50":{"start":{"line":113,"column":4},"end":{"line":119,"column":null}},"51":{"start":{"line":114,"column":20},"end":{"line":114,"column":32}},"52":{"start":{"line":115,"column":6},"end":{"line":118,"column":null}},"53":{"start":{"line":116,"column":22},"end":{"line":116,"column":55}},"54":{"start":{"line":117,"column":8},"end":{"line":117,"column":44}},"55":{"start":{"line":117,"column":19},"end":{"line":117,"column":44}},"56":{"start":{"line":121,"column":4},"end":{"line":123,"column":null}},"57":{"start":{"line":122,"column":6},"end":{"line":122,"column":70}},"58":{"start":{"line":125,"column":22},"end":{"line":127,"column":6}},"59":{"start":{"line":129,"column":4},"end":{"line":129,"column":43}},"60":{"start":{"line":131,"column":4},"end":{"line":135,"column":null}},"61":{"start":{"line":132,"column":6},"end":{"line":134,"column":null}},"62":{"start":{"line":133,"column":8},"end":{"line":133,"column":71}},"63":{"start":{"line":136,"column":4},"end":{"line":136,"column":54}},"64":{"start":{"line":137,"column":4},"end":{"line":137,"column":68}},"65":{"start":{"line":97,"column":13},"end":{"line":97,"column":31}},"66":{"start":{"line":141,"column":29},"end":{"line":153,"column":2}},"67":{"start":{"line":141,"column":93},"end":{"line":153,"column":2}},"68":{"start":{"line":142,"column":2},"end":{"line":152,"column":null}},"69":{"start":{"line":143,"column":23},"end":{"line":148,"column":6}},"70":{"start":{"line":149,"column":4},"end":{"line":149,"column":32}},"71":{"start":{"line":151,"column":4},"end":{"line":151,"column":72}},"72":{"start":{"line":141,"column":13},"end":{"line":141,"column":29}},"73":{"start":{"line":155,"column":28},"end":{"line":173,"column":2}},"74":{"start":{"line":155,"column":92},"end":{"line":173,"column":2}},"75":{"start":{"line":156,"column":2},"end":{"line":172,"column":null}},"76":{"start":{"line":157,"column":19},"end":{"line":157,"column":29}},"77":{"start":{"line":158,"column":22},"end":{"line":165,"column":6}},"78":{"start":{"line":166,"column":4},"end":{"line":168,"column":null}},"79":{"start":{"line":167,"column":6},"end":{"line":167,"column":68}},"80":{"start":{"line":169,"column":4},"end":{"line":169,"column":31}},"81":{"start":{"line":171,"column":4},"end":{"line":171,"column":71}},"82":{"start":{"line":155,"column":13},"end":{"line":155,"column":28}},"83":{"start":{"line":175,"column":31},"end":{"line":259,"column":2}},"84":{"start":{"line":175,"column":88},"end":{"line":259,"column":2}},"85":{"start":{"line":176,"column":2},"end":{"line":258,"column":null}},"86":{"start":{"line":177,"column":15},"end":{"line":177,"column":38}},"87":{"start":{"line":178,"column":20},"end":{"line":178,"column":28}},"88":{"start":{"line":181,"column":23},"end":{"line":181,"column":52}},"89":{"start":{"line":182,"column":4},"end":{"line":188,"column":null}},"90":{"start":{"line":183,"column":6},"end":{"line":187,"column":9}},"91":{"start":{"line":190,"column":30},"end":{"line":192,"column":6}},"92":{"start":{"line":194,"column":4},"end":{"line":196,"column":null}},"93":{"start":{"line":195,"column":6},"end":{"line":195,"column":68}},"94":{"start":{"line":199,"column":4},"end":{"line":203,"column":null}},"95":{"start":{"line":200,"column":6},"end":{"line":202,"column":9}},"96":{"start":{"line":205,"column":22},"end":{"line":216,"column":6}},"97":{"start":{"line":219,"column":36},"end":{"line":219,"column":38}},"98":{"start":{"line":220,"column":24},"end":{"line":220,"column":107}},"99":{"start":{"line":222,"column":4},"end":{"line":230,"column":null}},"100":{"start":{"line":223,"column":6},"end":{"line":229,"column":null}},"101":{"start":{"line":224,"column":8},"end":{"line":228,"column":11}},"102":{"start":{"line":232,"column":4},"end":{"line":234,"column":null}},"103":{"start":{"line":233,"column":6},"end":{"line":233,"column":53}},"104":{"start":{"line":237,"column":29},"end":{"line":247,"column":6}},"105":{"start":{"line":249,"column":4},"end":{"line":249,"column":38}},"106":{"start":{"line":251,"column":4},"end":{"line":255,"column":null}},"107":{"start":{"line":252,"column":6},"end":{"line":254,"column":null}},"108":{"start":{"line":253,"column":8},"end":{"line":253,"column":70}},"109":{"start":{"line":256,"column":4},"end":{"line":256,"column":54}},"110":{"start":{"line":257,"column":4},"end":{"line":257,"column":68}},"111":{"start":{"line":175,"column":13},"end":{"line":175,"column":31}},"112":{"start":{"line":261,"column":31},"end":{"line":287,"column":2}},"113":{"start":{"line":261,"column":88},"end":{"line":287,"column":2}},"114":{"start":{"line":262,"column":2},"end":{"line":286,"column":null}},"115":{"start":{"line":263,"column":15},"end":{"line":263,"column":38}},"116":{"start":{"line":265,"column":30},"end":{"line":267,"column":6}},"117":{"start":{"line":269,"column":4},"end":{"line":271,"column":null}},"118":{"start":{"line":270,"column":6},"end":{"line":270,"column":68}},"119":{"start":{"line":273,"column":4},"end":{"line":275,"column":7}},"120":{"start":{"line":277,"column":4},"end":{"line":277,"column":34}},"121":{"start":{"line":279,"column":4},"end":{"line":283,"column":null}},"122":{"start":{"line":280,"column":6},"end":{"line":282,"column":null}},"123":{"start":{"line":281,"column":8},"end":{"line":281,"column":70}},"124":{"start":{"line":284,"column":4},"end":{"line":284,"column":54}},"125":{"start":{"line":285,"column":4},"end":{"line":285,"column":68}},"126":{"start":{"line":261,"column":13},"end":{"line":261,"column":31}},"127":{"start":{"line":289,"column":24},"end":{"line":315,"column":2}},"128":{"start":{"line":289,"column":62},"end":{"line":315,"column":2}},"129":{"start":{"line":290,"column":2},"end":{"line":314,"column":null}},"130":{"start":{"line":291,"column":15},"end":{"line":291,"column":38}},"131":{"start":{"line":293,"column":4},"end":{"line":295,"column":null}},"132":{"start":{"line":294,"column":6},"end":{"line":294,"column":65}},"133":{"start":{"line":297,"column":22},"end":{"line":299,"column":6}},"134":{"start":{"line":301,"column":4},"end":{"line":303,"column":null}},"135":{"start":{"line":302,"column":6},"end":{"line":302,"column":68}},"136":{"start":{"line":305,"column":29},"end":{"line":308,"column":6}},"137":{"start":{"line":310,"column":4},"end":{"line":310,"column":53}},"138":{"start":{"line":312,"column":4},"end":{"line":312,"column":48}},"139":{"start":{"line":313,"column":4},"end":{"line":313,"column":65}},"140":{"start":{"line":289,"column":13},"end":{"line":289,"column":24}},"141":{"start":{"line":317,"column":25},"end":{"line":345,"column":2}},"142":{"start":{"line":317,"column":78},"end":{"line":345,"column":2}},"143":{"start":{"line":318,"column":2},"end":{"line":344,"column":null}},"144":{"start":{"line":319,"column":15},"end":{"line":319,"column":36}},"145":{"start":{"line":320,"column":22},"end":{"line":322,"column":6}},"146":{"start":{"line":324,"column":4},"end":{"line":327,"column":null}},"147":{"start":{"line":325,"column":6},"end":{"line":325,"column":61}},"148":{"start":{"line":326,"column":6},"end":{"line":326,"column":13}},"149":{"start":{"line":329,"column":29},"end":{"line":335,"column":6}},"150":{"start":{"line":337,"column":4},"end":{"line":339,"column":7}},"151":{"start":{"line":341,"column":4},"end":{"line":341,"column":31}},"152":{"start":{"line":343,"column":4},"end":{"line":343,"column":58}},"153":{"start":{"line":317,"column":13},"end":{"line":317,"column":25}},"154":{"start":{"line":347,"column":32},"end":{"line":381,"column":2}},"155":{"start":{"line":347,"column":85},"end":{"line":381,"column":2}},"156":{"start":{"line":348,"column":2},"end":{"line":380,"column":null}},"157":{"start":{"line":349,"column":15},"end":{"line":349,"column":38}},"158":{"start":{"line":350,"column":22},"end":{"line":352,"column":6}},"159":{"start":{"line":354,"column":4},"end":{"line":357,"column":null}},"160":{"start":{"line":355,"column":6},"end":{"line":355,"column":61}},"161":{"start":{"line":356,"column":6},"end":{"line":356,"column":13}},"162":{"start":{"line":359,"column":26},"end":{"line":359,"column":60}},"163":{"start":{"line":360,"column":4},"end":{"line":365,"column":null}},"164":{"start":{"line":361,"column":6},"end":{"line":363,"column":9}},"165":{"start":{"line":364,"column":6},"end":{"line":364,"column":13}},"166":{"start":{"line":367,"column":29},"end":{"line":370,"column":6}},"167":{"start":{"line":372,"column":4},"end":{"line":374,"column":7}},"168":{"start":{"line":376,"column":4},"end":{"line":376,"column":31}},"169":{"start":{"line":378,"column":4},"end":{"line":378,"column":56}},"170":{"start":{"line":379,"column":4},"end":{"line":379,"column":66}},"171":{"start":{"line":347,"column":13},"end":{"line":347,"column":32}}},"fnMap":{"0":{"name":"(anonymous_7)","decl":{"start":{"line":21,"column":22},"end":{"line":21,"column":23}},"loc":{"start":{"line":21,"column":69},"end":{"line":23,"column":1}}},"1":{"name":"(anonymous_8)","decl":{"start":{"line":26,"column":32},"end":{"line":26,"column":33}},"loc":{"start":{"line":31,"column":15},"end":{"line":38,"column":1}}},"2":{"name":"(anonymous_9)","decl":{"start":{"line":41,"column":33},"end":{"line":41,"column":34}},"loc":{"start":{"line":41,"column":99},"end":{"line":45,"column":2}}},"3":{"name":"(anonymous_10)","decl":{"start":{"line":47,"column":28},"end":{"line":47,"column":29}},"loc":{"start":{"line":47,"column":83},"end":{"line":52,"column":1}}},"4":{"name":"(anonymous_11)","decl":{"start":{"line":54,"column":29},"end":{"line":54,"column":30}},"loc":{"start":{"line":54,"column":83},"end":{"line":84,"column":1}}},"5":{"name":"(anonymous_12)","decl":{"start":{"line":87,"column":32},"end":{"line":87,"column":33}},"loc":{"start":{"line":87,"column":104},"end":{"line":95,"column":1}}},"6":{"name":"(anonymous_13)","decl":{"start":{"line":97,"column":31},"end":{"line":97,"column":38}},"loc":{"start":{"line":97,"column":88},"end":{"line":139,"column":2}}},"7":{"name":"(anonymous_14)","decl":{"start":{"line":97,"column":88},"end":{"line":97,"column":null}},"loc":{"start":{"line":97,"column":88},"end":{"line":139,"column":1}}},"8":{"name":"(anonymous_15)","decl":{"start":{"line":141,"column":29},"end":{"line":141,"column":36}},"loc":{"start":{"line":141,"column":93},"end":{"line":153,"column":2}}},"9":{"name":"(anonymous_16)","decl":{"start":{"line":141,"column":93},"end":{"line":141,"column":null}},"loc":{"start":{"line":141,"column":93},"end":{"line":153,"column":1}}},"10":{"name":"(anonymous_17)","decl":{"start":{"line":155,"column":28},"end":{"line":155,"column":35}},"loc":{"start":{"line":155,"column":92},"end":{"line":173,"column":2}}},"11":{"name":"(anonymous_18)","decl":{"start":{"line":155,"column":92},"end":{"line":155,"column":null}},"loc":{"start":{"line":155,"column":92},"end":{"line":173,"column":1}}},"12":{"name":"(anonymous_19)","decl":{"start":{"line":175,"column":31},"end":{"line":175,"column":38}},"loc":{"start":{"line":175,"column":88},"end":{"line":259,"column":2}}},"13":{"name":"(anonymous_20)","decl":{"start":{"line":175,"column":88},"end":{"line":175,"column":null}},"loc":{"start":{"line":175,"column":88},"end":{"line":259,"column":1}}},"14":{"name":"(anonymous_21)","decl":{"start":{"line":261,"column":31},"end":{"line":261,"column":38}},"loc":{"start":{"line":261,"column":88},"end":{"line":287,"column":2}}},"15":{"name":"(anonymous_22)","decl":{"start":{"line":261,"column":88},"end":{"line":261,"column":null}},"loc":{"start":{"line":261,"column":88},"end":{"line":287,"column":1}}},"16":{"name":"(anonymous_23)","decl":{"start":{"line":289,"column":24},"end":{"line":289,"column":31}},"loc":{"start":{"line":289,"column":62},"end":{"line":315,"column":2}}},"17":{"name":"(anonymous_24)","decl":{"start":{"line":289,"column":62},"end":{"line":289,"column":null}},"loc":{"start":{"line":289,"column":62},"end":{"line":315,"column":1}}},"18":{"name":"(anonymous_25)","decl":{"start":{"line":317,"column":25},"end":{"line":317,"column":32}},"loc":{"start":{"line":317,"column":78},"end":{"line":345,"column":2}}},"19":{"name":"(anonymous_26)","decl":{"start":{"line":317,"column":78},"end":{"line":317,"column":null}},"loc":{"start":{"line":317,"column":78},"end":{"line":345,"column":1}}},"20":{"name":"(anonymous_27)","decl":{"start":{"line":347,"column":32},"end":{"line":347,"column":39}},"loc":{"start":{"line":347,"column":85},"end":{"line":381,"column":2}}},"21":{"name":"(anonymous_28)","decl":{"start":{"line":347,"column":85},"end":{"line":347,"column":null}},"loc":{"start":{"line":347,"column":85},"end":{"line":381,"column":1}}}},"branchMap":{"0":{"loc":{"start":{"line":22,"column":9},"end":{"line":22,"column":105}},"type":"binary-expr","locations":[{"start":{"line":22,"column":9},"end":{"line":22,"column":35}},{"start":{"line":22,"column":39},"end":{"line":22,"column":105}}]},"1":{"loc":{"start":{"line":33,"column":2},"end":{"line":33,"column":68}},"type":"if","locations":[{"start":{"line":33,"column":2},"end":{"line":33,"column":68}}]},"2":{"loc":{"start":{"line":33,"column":7},"end":{"line":33,"column":34}},"type":"cond-expr","locations":[{"start":{"line":33,"column":26},"end":{"line":33,"column":28}},{"start":{"line":33,"column":26},"end":{"line":33,"column":34}}]},"3":{"loc":{"start":{"line":33,"column":7},"end":{"line":33,"column":28}},"type":"binary-expr","locations":[{"start":{"line":33,"column":7},"end":{"line":33,"column":28}},{"start":{"line":33,"column":26},"end":{"line":33,"column":28}}]},"4":{"loc":{"start":{"line":34,"column":2},"end":{"line":34,"column":66}},"type":"if","locations":[{"start":{"line":34,"column":2},"end":{"line":34,"column":66}}]},"5":{"loc":{"start":{"line":34,"column":7},"end":{"line":34,"column":33}},"type":"cond-expr","locations":[{"start":{"line":34,"column":25},"end":{"line":34,"column":27}},{"start":{"line":34,"column":25},"end":{"line":34,"column":33}}]},"6":{"loc":{"start":{"line":34,"column":7},"end":{"line":34,"column":27}},"type":"binary-expr","locations":[{"start":{"line":34,"column":7},"end":{"line":34,"column":27}},{"start":{"line":34,"column":25},"end":{"line":34,"column":27}}]},"7":{"loc":{"start":{"line":35,"column":2},"end":{"line":35,"column":60}},"type":"if","locations":[{"start":{"line":35,"column":2},"end":{"line":35,"column":60}}]},"8":{"loc":{"start":{"line":35,"column":7},"end":{"line":35,"column":30}},"type":"cond-expr","locations":[{"start":{"line":35,"column":22},"end":{"line":35,"column":24}},{"start":{"line":35,"column":22},"end":{"line":35,"column":30}}]},"9":{"loc":{"start":{"line":35,"column":7},"end":{"line":35,"column":24}},"type":"binary-expr","locations":[{"start":{"line":35,"column":7},"end":{"line":35,"column":24}},{"start":{"line":35,"column":22},"end":{"line":35,"column":24}}]},"10":{"loc":{"start":{"line":36,"column":2},"end":{"line":36,"column":60}},"type":"if","locations":[{"start":{"line":36,"column":2},"end":{"line":36,"column":60}}]},"11":{"loc":{"start":{"line":36,"column":7},"end":{"line":36,"column":30}},"type":"cond-expr","locations":[{"start":{"line":36,"column":22},"end":{"line":36,"column":24}},{"start":{"line":36,"column":22},"end":{"line":36,"column":30}}]},"12":{"loc":{"start":{"line":36,"column":7},"end":{"line":36,"column":24}},"type":"binary-expr","locations":[{"start":{"line":36,"column":7},"end":{"line":36,"column":24}},{"start":{"line":36,"column":22},"end":{"line":36,"column":24}}]},"13":{"loc":{"start":{"line":48,"column":2},"end":{"line":50,"column":null}},"type":"if","locations":[{"start":{"line":48,"column":2},"end":{"line":50,"column":null}}]},"14":{"loc":{"start":{"line":48,"column":6},"end":{"line":48,"column":46}},"type":"binary-expr","locations":[{"start":{"line":48,"column":6},"end":{"line":48,"column":11}},{"start":{"line":48,"column":15},"end":{"line":48,"column":46}}]},"15":{"loc":{"start":{"line":69,"column":4},"end":{"line":77,"column":null}},"type":"if","locations":[{"start":{"line":69,"column":4},"end":{"line":77,"column":null}},{"start":{"line":71,"column":11},"end":{"line":77,"column":null}}]},"16":{"loc":{"start":{"line":73,"column":6},"end":{"line":76,"column":null}},"type":"if","locations":[{"start":{"line":73,"column":6},"end":{"line":76,"column":null}}]},"17":{"loc":{"start":{"line":75,"column":8},"end":{"line":75,"column":38}},"type":"if","locations":[{"start":{"line":75,"column":8},"end":{"line":75,"column":38}}]},"18":{"loc":{"start":{"line":81,"column":13},"end":{"line":81,"column":50}},"type":"binary-expr","locations":[{"start":{"line":81,"column":13},"end":{"line":81,"column":27}},{"start":{"line":81,"column":31},"end":{"line":81,"column":50}}]},"19":{"loc":{"start":{"line":94,"column":9},"end":{"line":94,"column":72}},"type":"binary-expr","locations":[{"start":{"line":94,"column":9},"end":{"line":94,"column":63}},{"start":{"line":94,"column":67},"end":{"line":94,"column":72}}]},"20":{"loc":{"start":{"line":94,"column":9},"end":{"line":94,"column":63}},"type":"cond-expr","locations":[{"start":{"line":94,"column":42},"end":{"line":94,"column":44}},{"start":{"line":94,"column":42},"end":{"line":94,"column":63}}]},"21":{"loc":{"start":{"line":94,"column":9},"end":{"line":94,"column":44}},"type":"binary-expr","locations":[{"start":{"line":94,"column":9},"end":{"line":94,"column":44}},{"start":{"line":94,"column":42},"end":{"line":94,"column":44}}]},"22":{"loc":{"start":{"line":103,"column":4},"end":{"line":107,"column":null}},"type":"if","locations":[{"start":{"line":103,"column":4},"end":{"line":107,"column":null}}]},"23":{"loc":{"start":{"line":115,"column":6},"end":{"line":118,"column":null}},"type":"if","locations":[{"start":{"line":115,"column":6},"end":{"line":118,"column":null}}]},"24":{"loc":{"start":{"line":117,"column":8},"end":{"line":117,"column":44}},"type":"if","locations":[{"start":{"line":117,"column":8},"end":{"line":117,"column":44}}]},"25":{"loc":{"start":{"line":121,"column":4},"end":{"line":123,"column":null}},"type":"if","locations":[{"start":{"line":121,"column":4},"end":{"line":123,"column":null}}]},"26":{"loc":{"start":{"line":131,"column":4},"end":{"line":135,"column":null}},"type":"if","locations":[{"start":{"line":131,"column":4},"end":{"line":135,"column":null}}]},"27":{"loc":{"start":{"line":132,"column":6},"end":{"line":134,"column":null}},"type":"if","locations":[{"start":{"line":132,"column":6},"end":{"line":134,"column":null}}]},"28":{"loc":{"start":{"line":166,"column":4},"end":{"line":168,"column":null}},"type":"if","locations":[{"start":{"line":166,"column":4},"end":{"line":168,"column":null}}]},"29":{"loc":{"start":{"line":182,"column":4},"end":{"line":188,"column":null}},"type":"if","locations":[{"start":{"line":182,"column":4},"end":{"line":188,"column":null}}]},"30":{"loc":{"start":{"line":184,"column":15},"end":{"line":186,"column":39}},"type":"cond-expr","locations":[{"start":{"line":185,"column":12},"end":{"line":185,"column":40}},{"start":{"line":186,"column":12},"end":{"line":186,"column":39}}]},"31":{"loc":{"start":{"line":194,"column":4},"end":{"line":196,"column":null}},"type":"if","locations":[{"start":{"line":194,"column":4},"end":{"line":196,"column":null}}]},"32":{"loc":{"start":{"line":199,"column":4},"end":{"line":203,"column":null}},"type":"if","locations":[{"start":{"line":199,"column":4},"end":{"line":203,"column":null}}]},"33":{"loc":{"start":{"line":199,"column":8},"end":{"line":199,"column":130}},"type":"binary-expr","locations":[{"start":{"line":199,"column":8},"end":{"line":199,"column":22}},{"start":{"line":199,"column":26},"end":{"line":199,"column":130}}]},"34":{"loc":{"start":{"line":223,"column":6},"end":{"line":229,"column":null}},"type":"if","locations":[{"start":{"line":223,"column":6},"end":{"line":229,"column":null}}]},"35":{"loc":{"start":{"line":223,"column":10},"end":{"line":223,"column":67}},"type":"binary-expr","locations":[{"start":{"line":223,"column":10},"end":{"line":223,"column":24}},{"start":{"line":223,"column":28},"end":{"line":223,"column":67}}]},"36":{"loc":{"start":{"line":232,"column":4},"end":{"line":234,"column":null}},"type":"if","locations":[{"start":{"line":232,"column":4},"end":{"line":234,"column":null}}]},"37":{"loc":{"start":{"line":251,"column":4},"end":{"line":255,"column":null}},"type":"if","locations":[{"start":{"line":251,"column":4},"end":{"line":255,"column":null}}]},"38":{"loc":{"start":{"line":252,"column":6},"end":{"line":254,"column":null}},"type":"if","locations":[{"start":{"line":252,"column":6},"end":{"line":254,"column":null}}]},"39":{"loc":{"start":{"line":269,"column":4},"end":{"line":271,"column":null}},"type":"if","locations":[{"start":{"line":269,"column":4},"end":{"line":271,"column":null}}]},"40":{"loc":{"start":{"line":279,"column":4},"end":{"line":283,"column":null}},"type":"if","locations":[{"start":{"line":279,"column":4},"end":{"line":283,"column":null}}]},"41":{"loc":{"start":{"line":280,"column":6},"end":{"line":282,"column":null}},"type":"if","locations":[{"start":{"line":280,"column":6},"end":{"line":282,"column":null}}]},"42":{"loc":{"start":{"line":293,"column":4},"end":{"line":295,"column":null}},"type":"if","locations":[{"start":{"line":293,"column":4},"end":{"line":295,"column":null}}]},"43":{"loc":{"start":{"line":301,"column":4},"end":{"line":303,"column":null}},"type":"if","locations":[{"start":{"line":301,"column":4},"end":{"line":303,"column":null}}]},"44":{"loc":{"start":{"line":324,"column":4},"end":{"line":327,"column":null}},"type":"if","locations":[{"start":{"line":324,"column":4},"end":{"line":327,"column":null}}]},"45":{"loc":{"start":{"line":354,"column":4},"end":{"line":357,"column":null}},"type":"if","locations":[{"start":{"line":354,"column":4},"end":{"line":357,"column":null}}]},"46":{"loc":{"start":{"line":360,"column":4},"end":{"line":365,"column":null}},"type":"if","locations":[{"start":{"line":360,"column":4},"end":{"line":365,"column":null}}]}},"s":{"0":4,"1":4,"2":4,"3":4,"4":4,"5":4,"6":4,"7":0,"8":4,"9":4,"10":4,"11":1,"12":4,"13":0,"14":4,"15":0,"16":4,"17":0,"18":4,"19":4,"20":0,"21":4,"22":31,"23":1,"24":30,"25":4,"26":15,"27":15,"28":15,"29":15,"30":18,"31":0,"32":18,"33":18,"34":18,"35":18,"36":1,"37":15,"38":4,"39":11,"40":11,"41":4,"42":4,"43":4,"44":4,"45":4,"46":4,"47":1,"48":3,"49":3,"50":3,"51":15,"52":15,"53":13,"54":13,"55":0,"56":3,"57":0,"58":3,"59":2,"60":1,"61":1,"62":1,"63":0,"64":0,"65":4,"66":4,"67":0,"68":0,"69":0,"70":0,"71":0,"72":4,"73":4,"74":3,"75":3,"76":3,"77":3,"78":3,"79":1,"80":2,"81":0,"82":4,"83":4,"84":15,"85":15,"86":15,"87":15,"88":15,"89":15,"90":1,"91":14,"92":14,"93":0,"94":14,"95":2,"96":12,"97":12,"98":12,"99":12,"100":84,"101":15,"102":12,"103":12,"104":12,"105":12,"106":0,"107":0,"108":0,"109":0,"110":0,"111":4,"112":4,"113":1,"114":1,"115":1,"116":1,"117":1,"118":0,"119":1,"120":1,"121":0,"122":0,"123":0,"124":0,"125":0,"126":4,"127":4,"128":4,"129":4,"130":4,"131":4,"132":2,"133":2,"134":2,"135":1,"136":1,"137":1,"138":0,"139":0,"140":4,"141":4,"142":0,"143":0,"144":0,"145":0,"146":0,"147":0,"148":0,"149":0,"150":0,"151":0,"152":0,"153":4,"154":4,"155":0,"156":0,"157":0,"158":0,"159":0,"160":0,"161":0,"162":0,"163":0,"164":0,"165":0,"166":0,"167":0,"168":0,"169":0,"170":0,"171":4},"f":{"0":0,"1":4,"2":0,"3":31,"4":15,"5":11,"6":4,"7":4,"8":0,"9":0,"10":3,"11":3,"12":15,"13":15,"14":1,"15":1,"16":4,"17":4,"18":0,"19":0,"20":0,"21":0},"b":{"0":[0,0],"1":[1],"2":[0,4],"3":[4,4],"4":[0],"5":[0,4],"6":[4,4],"7":[0],"8":[0,4],"9":[4,4],"10":[0],"11":[0,4],"12":[4,4],"13":[1],"14":[31,30],"15":[0,18],"16":[18],"17":[1],"18":[15,15],"19":[11,2],"20":[0,11],"21":[11,11],"22":[1],"23":[13],"24":[0],"25":[0],"26":[1],"27":[1],"28":[1],"29":[1],"30":[1,0],"31":[0],"32":[2],"33":[14,11],"34":[15],"35":[84,15],"36":[12],"37":[0],"38":[0],"39":[0],"40":[0],"41":[0],"42":[2],"43":[1],"44":[0],"45":[0],"46":[0]}}
,"/app/src/middleware/error.middleware.ts": {"path":"/app/src/middleware/error.middleware.ts","statementMap":{"0":{"start":{"line":3,"column":28},"end":{"line":18,"column":1}},"1":{"start":{"line":9,"column":2},"end":{"line":9,"column":27}},"2":{"start":{"line":11,"column":2},"end":{"line":13,"column":null}},"3":{"start":{"line":12,"column":4},"end":{"line":12,"column":56}},"4":{"start":{"line":15,"column":2},"end":{"line":17,"column":5}},"5":{"start":{"line":3,"column":13},"end":{"line":3,"column":28}}},"fnMap":{"0":{"name":"(anonymous_0)","decl":{"start":{"line":3,"column":28},"end":{"line":3,"column":null}},"loc":{"start":{"line":8,"column":4},"end":{"line":18,"column":1}}}},"branchMap":{"0":{"loc":{"start":{"line":11,"column":2},"end":{"line":13,"column":null}},"type":"if","locations":[{"start":{"line":11,"column":2},"end":{"line":13,"column":null}}]}},"s":{"0":4,"1":0,"2":0,"3":0,"4":0,"5":4},"f":{"0":0},"b":{"0":[0]}}
,"/app/src/middleware/error.ts": {"path":"/app/src/middleware/error.ts","statementMap":{"0":{"start":{"line":7,"column":28},"end":{"line":24,"column":1}},"1":{"start":{"line":13,"column":2},"end":{"line":13,"column":27}},"2":{"start":{"line":15,"column":21},"end":{"line":15,"column":42}},"3":{"start":{"line":16,"column":18},"end":{"line":16,"column":49}},"4":{"start":{"line":18,"column":2},"end":{"line":23,"column":5}},"5":{"start":{"line":7,"column":13},"end":{"line":7,"column":28}}},"fnMap":{"0":{"name":"(anonymous_0)","decl":{"start":{"line":7,"column":28},"end":{"line":7,"column":null}},"loc":{"start":{"line":12,"column":4},"end":{"line":24,"column":1}}}},"branchMap":{"0":{"loc":{"start":{"line":15,"column":21},"end":{"line":15,"column":42}},"type":"binary-expr","locations":[{"start":{"line":15,"column":21},"end":{"line":15,"column":35}},{"start":{"line":15,"column":39},"end":{"line":15,"column":42}}]},"1":{"loc":{"start":{"line":16,"column":18},"end":{"line":16,"column":49}},"type":"binary-expr","locations":[{"start":{"line":16,"column":18},"end":{"line":16,"column":29}},{"start":{"line":16,"column":33},"end":{"line":16,"column":49}}]},"2":{"loc":{"start":{"line":22,"column":8},"end":{"line":22,"column":70}},"type":"binary-expr","locations":[{"start":{"line":22,"column":8},"end":{"line":22,"column":46}},{"start":{"line":22,"column":50},"end":{"line":22,"column":70}}]}},"s":{"0":1,"1":4,"2":4,"3":4,"4":4,"5":1},"f":{"0":4},"b":{"0":[4,3],"1":[4,1],"2":[4,1]}}
,"/app/src/middleware/file.ts": {"path":"/app/src/middleware/file.ts","statementMap":{"0":{"start":{"line":1,"column":0},"end":{"line":1,"column":28}},"1":{"start":{"line":2,"column":0},"end":{"line":2,"column":24}},"2":{"start":{"line":5,"column":16},"end":{"line":11,"column":2}},"3":{"start":{"line":8,"column":25},"end":{"line":8,"column":75}},"4":{"start":{"line":9,"column":4},"end":{"line":9,"column":84}},"5":{"start":{"line":13,"column":19},"end":{"line":22,"column":1}},"6":{"start":{"line":14,"column":23},"end":{"line":14,"column":48}},"7":{"start":{"line":15,"column":14},"end":{"line":15,"column":59}},"8":{"start":{"line":17,"column":2},"end":{"line":21,"column":null}},"9":{"start":{"line":18,"column":4},"end":{"line":18,"column":19}},"10":{"start":{"line":20,"column":4},"end":{"line":20,"column":80}},"11":{"start":{"line":24,"column":15},"end":{"line":30,"column":15}},"12":{"start":{"line":32,"column":24},"end":{"line":42,"column":1}},"13":{"start":{"line":33,"column":2},"end":{"line":41,"column":5}},"14":{"start":{"line":34,"column":4},"end":{"line":39,"column":null}},"15":{"start":{"line":35,"column":6},"end":{"line":37,"column":null}},"16":{"start":{"line":36,"column":8},"end":{"line":36,"column":60}},"17":{"start":{"line":38,"column":6},"end":{"line":38,"column":58}},"18":{"start":{"line":40,"column":4},"end":{"line":40,"column":11}},"19":{"start":{"line":32,"column":13},"end":{"line":32,"column":24}}},"fnMap":{"0":{"name":"(anonymous_1)","decl":{"start":{"line":7,"column":12},"end":{"line":7,"column":13}},"loc":{"start":{"line":7,"column":30},"end":{"line":10,"column":3}}},"1":{"name":"(anonymous_2)","decl":{"start":{"line":13,"column":19},"end":{"line":13,"column":20}},"loc":{"start":{"line":13,"column":102},"end":{"line":22,"column":1}}},"2":{"name":"(anonymous_3)","decl":{"start":{"line":32,"column":24},"end":{"line":32,"column":25}},"loc":{"start":{"line":32,"column":76},"end":{"line":42,"column":1}}},"3":{"name":"(anonymous_4)","decl":{"start":{"line":33,"column":19},"end":{"line":33,"column":20}},"loc":{"start":{"line":33,"column":32},"end":{"line":41,"column":3}}}},"branchMap":{"0":{"loc":{"start":{"line":17,"column":2},"end":{"line":21,"column":null}},"type":"if","locations":[{"start":{"line":17,"column":2},"end":{"line":21,"column":null}},{"start":{"line":19,"column":9},"end":{"line":21,"column":null}}]},"1":{"loc":{"start":{"line":34,"column":4},"end":{"line":39,"column":null}},"type":"if","locations":[{"start":{"line":34,"column":4},"end":{"line":39,"column":null}}]},"2":{"loc":{"start":{"line":35,"column":6},"end":{"line":37,"column":null}},"type":"if","locations":[{"start":{"line":35,"column":6},"end":{"line":37,"column":null}}]}},"s":{"0":4,"1":4,"2":4,"3":3,"4":3,"5":4,"6":4,"7":4,"8":4,"9":3,"10":1,"11":4,"12":4,"13":6,"14":6,"15":2,"16":1,"17":1,"18":4,"19":4},"f":{"0":3,"1":4,"2":6,"3":6},"b":{"0":[3,1],"1":[2],"2":[1]}}
,"/app/src/middleware/validation.ts": {"path":"/app/src/middleware/validation.ts","statementMap":{"0":{"start":{"line":3,"column":33},"end":{"line":55,"column":1}},"1":{"start":{"line":5,"column":2},"end":{"line":29,"column":null}},"2":{"start":{"line":6,"column":50},"end":{"line":6,"column":58}},"3":{"start":{"line":8,"column":4},"end":{"line":12,"column":null}},"4":{"start":{"line":9,"column":6},"end":{"line":11,"column":9}},"5":{"start":{"line":14,"column":23},"end":{"line":14,"column":51}},"6":{"start":{"line":15,"column":4},"end":{"line":19,"column":null}},"7":{"start":{"line":16,"column":6},"end":{"line":18,"column":9}},"8":{"start":{"line":21,"column":4},"end":{"line":28,"column":null}},"9":{"start":{"line":22,"column":25},"end":{"line":22,"column":45}},"10":{"start":{"line":23,"column":6},"end":{"line":27,"column":null}},"11":{"start":{"line":24,"column":8},"end":{"line":26,"column":11}},"12":{"start":{"line":32,"column":2},"end":{"line":52,"column":null}},"13":{"start":{"line":33,"column":29},"end":{"line":33,"column":37}},"14":{"start":{"line":35,"column":4},"end":{"line":42,"column":null}},"15":{"start":{"line":36,"column":25},"end":{"line":36,"column":53}},"16":{"start":{"line":37,"column":6},"end":{"line":41,"column":null}},"17":{"start":{"line":38,"column":8},"end":{"line":40,"column":11}},"18":{"start":{"line":44,"column":4},"end":{"line":51,"column":null}},"19":{"start":{"line":45,"column":25},"end":{"line":45,"column":45}},"20":{"start":{"line":46,"column":6},"end":{"line":50,"column":null}},"21":{"start":{"line":47,"column":8},"end":{"line":49,"column":11}},"22":{"start":{"line":54,"column":2},"end":{"line":54,"column":9}},"23":{"start":{"line":3,"column":13},"end":{"line":3,"column":33}}},"fnMap":{"0":{"name":"(anonymous_0)","decl":{"start":{"line":3,"column":33},"end":{"line":3,"column":34}},"loc":{"start":{"line":3,"column":85},"end":{"line":55,"column":1}}}},"branchMap":{"0":{"loc":{"start":{"line":5,"column":2},"end":{"line":29,"column":null}},"type":"if","locations":[{"start":{"line":5,"column":2},"end":{"line":29,"column":null}}]},"1":{"loc":{"start":{"line":8,"column":4},"end":{"line":12,"column":null}},"type":"if","locations":[{"start":{"line":8,"column":4},"end":{"line":12,"column":null}}]},"2":{"loc":{"start":{"line":8,"column":8},"end":{"line":8,"column":41}},"type":"binary-expr","locations":[{"start":{"line":8,"column":8},"end":{"line":8,"column":18}},{"start":{"line":8,"column":22},"end":{"line":8,"column":31}},{"start":{"line":8,"column":35},"end":{"line":8,"column":41}}]},"3":{"loc":{"start":{"line":15,"column":4},"end":{"line":19,"column":null}},"type":"if","locations":[{"start":{"line":15,"column":4},"end":{"line":19,"column":null}}]},"4":{"loc":{"start":{"line":21,"column":4},"end":{"line":28,"column":null}},"type":"if","locations":[{"start":{"line":21,"column":4},"end":{"line":28,"column":null}}]},"5":{"loc":{"start":{"line":23,"column":6},"end":{"line":27,"column":null}},"type":"if","locations":[{"start":{"line":23,"column":6},"end":{"line":27,"column":null}}]},"6":{"loc":{"start":{"line":32,"column":2},"end":{"line":52,"column":null}},"type":"if","locations":[{"start":{"line":32,"column":2},"end":{"line":52,"column":null}}]},"7":{"loc":{"start":{"line":35,"column":4},"end":{"line":42,"column":null}},"type":"if","locations":[{"start":{"line":35,"column":4},"end":{"line":42,"column":null}}]},"8":{"loc":{"start":{"line":37,"column":6},"end":{"line":41,"column":null}},"type":"if","locations":[{"start":{"line":37,"column":6},"end":{"line":41,"column":null}}]},"9":{"loc":{"start":{"line":44,"column":4},"end":{"line":51,"column":null}},"type":"if","locations":[{"start":{"line":44,"column":4},"end":{"line":51,"column":null}}]},"10":{"loc":{"start":{"line":46,"column":6},"end":{"line":50,"column":null}},"type":"if","locations":[{"start":{"line":46,"column":6},"end":{"line":50,"column":null}}]}},"s":{"0":4,"1":24,"2":9,"3":9,"4":3,"5":6,"6":6,"7":1,"8":5,"9":5,"10":5,"11":1,"12":19,"13":15,"14":15,"15":0,"16":0,"17":0,"18":15,"19":1,"20":1,"21":0,"22":19,"23":4},"f":{"0":24},"b":{"0":[9],"1":[3],"2":[9,6,6],"3":[1],"4":[5],"5":[1],"6":[15],"7":[0],"8":[0],"9":[1],"10":[0]}}
,"/app/src/routes/candidate.routes.ts": {"path":"/app/src/routes/candidate.routes.ts","statementMap":{"0":{"start":{"line":1,"column":0},"end":{"line":1,"column":33}},"1":{"start":{"line":2,"column":0},"end":{"line":2,"column":null}},"2":{"start":{"line":11,"column":0},"end":{"line":11,"column":61}},"3":{"start":{"line":12,"column":0},"end":{"line":12,"column":68}},"4":{"start":{"line":14,"column":15},"end":{"line":14,"column":23}},"5":{"start":{"line":16,"column":0},"end":{"line":16,"column":53}},"6":{"start":{"line":17,"column":0},"end":{"line":17,"column":33}},"7":{"start":{"line":18,"column":0},"end":{"line":18,"column":31}},"8":{"start":{"line":19,"column":0},"end":{"line":19,"column":55}},"9":{"start":{"line":20,"column":0},"end":{"line":20,"column":39}},"10":{"start":{"line":21,"column":0},"end":{"line":21,"column":53}},"11":{"start":{"line":22,"column":0},"end":{"line":22,"column":46}},"12":{"start":{"line":24,"column":0},"end":{"line":24,"column":22}}},"fnMap":{},"branchMap":{},"s":{"0":4,"1":4,"2":4,"3":4,"4":4,"5":4,"6":4,"7":4,"8":4,"9":4,"10":4,"11":4,"12":4},"f":{},"b":{}}
,"/app/src/services/history.service.ts": {"path":"/app/src/services/history.service.ts","statementMap":{"0":{"start":{"line":1,"column":0},"end":{"line":1,"column":34}},"1":{"start":{"line":2,"column":0},"end":{"line":2,"column":68}},"2":{"start":{"line":6,"column":4},"end":{"line":47,"column":null}},"3":{"start":{"line":8,"column":6},"end":{"line":14,"column":null}},"4":{"start":{"line":9,"column":8},"end":{"line":11,"column":28}},"5":{"start":{"line":13,"column":8},"end":{"line":13,"column":50}},"6":{"start":{"line":17,"column":24},"end":{"line":19,"column":8}},"7":{"start":{"line":21,"column":6},"end":{"line":23,"column":null}},"8":{"start":{"line":22,"column":8},"end":{"line":22,"column":47}},"9":{"start":{"line":26,"column":6},"end":{"line":28,"column":null}},"10":{"start":{"line":27,"column":8},"end":{"line":27,"column":15}},"11":{"start":{"line":30,"column":6},"end":{"line":41,"column":null}},"12":{"start":{"line":32,"column":8},"end":{"line":38,"column":11}},"13":{"start":{"line":40,"column":8},"end":{"line":40,"column":51}},"14":{"start":{"line":43,"column":6},"end":{"line":45,"column":null}},"15":{"start":{"line":44,"column":8},"end":{"line":44,"column":20}},"16":{"start":{"line":46,"column":6},"end":{"line":46,"column":49}},"17":{"start":{"line":4,"column":0},"end":{"line":4,"column":13}}},"fnMap":{"0":{"name":"(anonymous_7)","decl":{"start":{"line":5,"column":8},"end":{"line":5,"column":20}},"loc":{"start":{"line":5,"column":65},"end":{"line":48,"column":null}}},"1":{"name":"(anonymous_9)","decl":{"start":{"line":8,"column":52},"end":{"line":8,"column":58}},"loc":{"start":{"line":9,"column":8},"end":{"line":11,"column":28}}}},"branchMap":{"0":{"loc":{"start":{"line":8,"column":6},"end":{"line":14,"column":null}},"type":"if","locations":[{"start":{"line":8,"column":6},"end":{"line":14,"column":null}}]},"1":{"loc":{"start":{"line":8,"column":10},"end":{"line":11,"column":null}},"type":"binary-expr","locations":[{"start":{"line":8,"column":10},"end":{"line":8,"column":33}},{"start":{"line":8,"column":37},"end":{"line":11,"column":null}}]},"2":{"loc":{"start":{"line":9,"column":8},"end":{"line":11,"column":28}},"type":"binary-expr","locations":[{"start":{"line":9,"column":8},"end":{"line":9,"column":20}},{"start":{"line":10,"column":8},"end":{"line":10,"column":28}},{"start":{"line":11,"column":8},"end":{"line":11,"column":28}}]},"3":{"loc":{"start":{"line":21,"column":6},"end":{"line":23,"column":null}},"type":"if","locations":[{"start":{"line":21,"column":6},"end":{"line":23,"column":null}}]},"4":{"loc":{"start":{"line":26,"column":6},"end":{"line":28,"column":null}},"type":"if","locations":[{"start":{"line":26,"column":6},"end":{"line":28,"column":null}}]},"5":{"loc":{"start":{"line":43,"column":6},"end":{"line":45,"column":null}},"type":"if","locations":[{"start":{"line":43,"column":6},"end":{"line":45,"column":null}}]}},"s":{"0":4,"1":4,"2":17,"3":17,"4":19,"5":1,"6":16,"7":16,"8":1,"9":15,"10":1,"11":14,"12":14,"13":1,"14":3,"15":3,"16":0,"17":4},"f":{"0":17,"1":19},"b":{"0":[1],"1":[17,17],"2":[19,18,18],"3":[1],"4":[1],"5":[3]}}
,"/app/src/tests/fixtures/test.helper.ts": {"path":"/app/src/tests/fixtures/test.helper.ts","statementMap":{"0":{"start":{"line":1,"column":0},"end":{"line":1,"column":63}},"1":{"start":{"line":3,"column":0},"end":{"line":3,"column":42}},"2":{"start":{"line":5,"column":0},"end":{"line":5,"column":62}},"3":{"start":{"line":16,"column":4},"end":{"line":16,"column":19}},"4":{"start":{"line":23,"column":4},"end":{"line":23,"column":59}},"5":{"start":{"line":31,"column":4},"end":{"line":31,"column":36}},"6":{"start":{"line":39,"column":4},"end":{"line":39,"column":35}},"7":{"start":{"line":47,"column":4},"end":{"line":47,"column":35}},"8":{"start":{"line":55,"column":4},"end":{"line":55,"column":38}},"9":{"start":{"line":65,"column":4},"end":{"line":67,"column":35}},"10":{"start":{"line":75,"column":24},"end":{"line":81,"column":6}},"11":{"start":{"line":83,"column":4},"end":{"line":90,"column":null}},"12":{"start":{"line":84,"column":6},"end":{"line":86,"column":9}},"13":{"start":{"line":88,"column":6},"end":{"line":88,"column":63}},"14":{"start":{"line":89,"column":6},"end":{"line":89,"column":18}},"15":{"start":{"line":97,"column":4},"end":{"line":105,"column":null}},"16":{"start":{"line":98,"column":6},"end":{"line":101,"column":9}},"17":{"start":{"line":103,"column":6},"end":{"line":103,"column":46}},"18":{"start":{"line":104,"column":6},"end":{"line":104,"column":18}},"19":{"start":{"line":12,"column":0},"end":{"line":12,"column":13}}},"fnMap":{"0":{"name":"(anonymous_8)","decl":{"start":{"line":15,"column":2},"end":{"line":15,"column":null}},"loc":{"start":{"line":15,"column":2},"end":{"line":17,"column":3}}},"1":{"name":"(anonymous_9)","decl":{"start":{"line":22,"column":10},"end":{"line":22,"column":17}},"loc":{"start":{"line":22,"column":17},"end":{"line":24,"column":3}}},"2":{"name":"(anonymous_10)","decl":{"start":{"line":30,"column":2},"end":{"line":30,"column":6}},"loc":{"start":{"line":30,"column":18},"end":{"line":32,"column":3}}},"3":{"name":"(anonymous_11)","decl":{"start":{"line":38,"column":2},"end":{"line":38,"column":5}},"loc":{"start":{"line":38,"column":17},"end":{"line":40,"column":3}}},"4":{"name":"(anonymous_12)","decl":{"start":{"line":46,"column":2},"end":{"line":46,"column":5}},"loc":{"start":{"line":46,"column":17},"end":{"line":48,"column":3}}},"5":{"name":"(anonymous_13)","decl":{"start":{"line":54,"column":2},"end":{"line":54,"column":8}},"loc":{"start":{"line":54,"column":20},"end":{"line":56,"column":3}}},"6":{"name":"(anonymous_14)","decl":{"start":{"line":64,"column":2},"end":{"line":64,"column":12}},"loc":{"start":{"line":64,"column":61},"end":{"line":68,"column":3}}},"7":{"name":"(anonymous_15)","decl":{"start":{"line":74,"column":8},"end":{"line":74,"column":27}},"loc":{"start":{"line":74,"column":80},"end":{"line":91,"column":null}}},"8":{"name":"(anonymous_17)","decl":{"start":{"line":96,"column":8},"end":{"line":96,"column":15}},"loc":{"start":{"line":96,"column":15},"end":{"line":106,"column":null}}}},"branchMap":{"0":{"loc":{"start":{"line":74,"column":28},"end":{"line":74,"column":80}},"type":"default-arg","locations":[{"start":{"line":74,"column":78},"end":{"line":74,"column":80}}]}},"s":{"0":1,"1":1,"2":1,"3":1,"4":25,"5":8,"6":3,"7":11,"8":1,"9":2,"10":17,"11":17,"12":17,"13":0,"14":0,"15":29,"16":29,"17":0,"18":0,"19":1},"f":{"0":1,"1":25,"2":8,"3":3,"4":11,"5":1,"6":2,"7":17,"8":29},"b":{"0":[10]}}
,"/app/src/types/candidate.types.ts": {"path":"/app/src/types/candidate.types.ts","statementMap":{"0":{"start":{"line":2,"column":0},"end":{"line":2,"column":null}},"1":{"start":{"line":3,"column":2},"end":{"line":3,"column":null}},"2":{"start":{"line":4,"column":2},"end":{"line":4,"column":null}},"3":{"start":{"line":5,"column":2},"end":{"line":5,"column":null}},"4":{"start":{"line":8,"column":0},"end":{"line":8,"column":null}},"5":{"start":{"line":9,"column":2},"end":{"line":9,"column":null}},"6":{"start":{"line":10,"column":2},"end":{"line":10,"column":null}},"7":{"start":{"line":11,"column":2},"end":{"line":11,"column":null}}},"fnMap":{"0":{"name":"(anonymous_0)","decl":{"start":{"line":2,"column":0},"end":{"line":2,"column":12}},"loc":{"start":{"line":2,"column":27},"end":{"line":6,"column":1}}},"1":{"name":"(anonymous_1)","decl":{"start":{"line":8,"column":0},"end":{"line":8,"column":12}},"loc":{"start":{"line":8,"column":22},"end":{"line":12,"column":1}}}},"branchMap":{"0":{"loc":{"start":{"line":2,"column":12},"end":{"line":2,"column":null}},"type":"binary-expr","locations":[{"start":{"line":2,"column":12},"end":{"line":2,"column":27}},{"start":{"line":2,"column":12},"end":{"line":2,"column":null}}]},"1":{"loc":{"start":{"line":8,"column":12},"end":{"line":8,"column":null}},"type":"binary-expr","locations":[{"start":{"line":8,"column":12},"end":{"line":8,"column":22}},{"start":{"line":8,"column":12},"end":{"line":8,"column":null}}]}},"s":{"0":4,"1":4,"2":4,"3":4,"4":4,"5":4,"6":4,"7":4},"f":{"0":4,"1":4},"b":{"0":[4,4],"1":[4,4]}}
}
