TN:
SF:src/index.ts
FN:28,(anonymous_7)
FN:41,(anonymous_8)
FNF:2
FNH:1
FNDA:1,(anonymous_7)
FNDA:0,(anonymous_8)
DA:1,4
DA:2,4
DA:3,4
DA:5,4
DA:6,4
DA:7,4
DA:8,4
DA:10,4
DA:11,4
DA:12,4
DA:15,4
DA:21,4
DA:22,4
DA:25,4
DA:28,4
DA:29,1
DA:33,4
DA:36,4
DA:39,4
DA:40,0
DA:41,0
DA:42,0
DA:46,4
LF:23
LH:20
BRDA:16,0,0,4
BRDA:16,0,1,4
BRDA:39,1,0,0
BRDA:40,2,0,0
BRDA:40,2,1,0
BRF:5
BRH:2
end_of_record
TN:
SF:src/controllers/candidate.controller.ts
FN:21,(anonymous_7)
FN:26,(anonymous_8)
FN:41,(anonymous_9)
FN:47,(anonymous_10)
FN:54,(anonymous_11)
FN:87,(anonymous_12)
FN:97,(anonymous_13)
FN:97,(anonymous_14)
FN:141,(anonymous_15)
FN:141,(anonymous_16)
FN:155,(anonymous_17)
FN:155,(anonymous_18)
FN:175,(anonymous_19)
FN:175,(anonymous_20)
FN:261,(anonymous_21)
FN:261,(anonymous_22)
FN:289,(anonymous_23)
FN:289,(anonymous_24)
FN:317,(anonymous_25)
FN:317,(anonymous_26)
FN:347,(anonymous_27)
FN:347,(anonymous_28)
FNF:22
FNH:14
FNDA:0,(anonymous_7)
FNDA:4,(anonymous_8)
FNDA:0,(anonymous_9)
FNDA:31,(anonymous_10)
FNDA:15,(anonymous_11)
FNDA:11,(anonymous_12)
FNDA:4,(anonymous_13)
FNDA:4,(anonymous_14)
FNDA:0,(anonymous_15)
FNDA:0,(anonymous_16)
FNDA:3,(anonymous_17)
FNDA:3,(anonymous_18)
FNDA:15,(anonymous_19)
FNDA:15,(anonymous_20)
FNDA:1,(anonymous_21)
FNDA:1,(anonymous_22)
FNDA:4,(anonymous_23)
FNDA:4,(anonymous_24)
FNDA:0,(anonymous_25)
FNDA:0,(anonymous_26)
FNDA:0,(anonymous_27)
FNDA:0,(anonymous_28)
DA:2,4
DA:5,4
DA:6,4
DA:16,4
DA:17,4
DA:18,4
DA:21,4
DA:22,0
DA:26,4
DA:32,4
DA:33,4
DA:34,4
DA:35,4
DA:36,4
DA:37,4
DA:41,4
DA:47,4
DA:48,31
DA:49,1
DA:51,30
DA:54,4
DA:55,15
DA:65,15
DA:66,15
DA:68,15
DA:69,18
DA:70,0
DA:72,18
DA:73,18
DA:74,18
DA:75,18
DA:80,15
DA:87,4
DA:88,11
DA:94,11
DA:97,4
DA:98,4
DA:99,4
DA:102,4
DA:103,4
DA:104,1
DA:110,3
DA:111,3
DA:113,3
DA:114,15
DA:115,15
DA:116,13
DA:117,13
DA:121,3
DA:122,0
DA:125,3
DA:129,2
DA:131,1
DA:132,1
DA:133,1
DA:136,0
DA:137,0
DA:141,4
DA:142,0
DA:143,0
DA:149,0
DA:151,0
DA:155,4
DA:156,3
DA:157,3
DA:158,3
DA:166,3
DA:167,1
DA:169,2
DA:171,0
DA:175,15
DA:176,15
DA:177,15
DA:178,15
DA:181,15
DA:182,15
DA:183,1
DA:190,14
DA:194,14
DA:195,0
DA:199,14
DA:200,2
DA:205,12
DA:219,12
DA:220,12
DA:222,12
DA:223,84
DA:224,15
DA:232,12
DA:233,12
DA:237,12
DA:249,12
DA:251,0
DA:252,0
DA:253,0
DA:256,0
DA:257,0
DA:261,4
DA:262,1
DA:263,1
DA:265,1
DA:269,1
DA:270,0
DA:273,1
DA:277,1
DA:279,0
DA:280,0
DA:281,0
DA:284,0
DA:285,0
DA:289,4
DA:290,4
DA:291,4
DA:293,4
DA:294,2
DA:297,2
DA:301,2
DA:302,1
DA:305,1
DA:310,1
DA:312,0
DA:313,0
DA:317,4
DA:318,0
DA:319,0
DA:320,0
DA:324,0
DA:325,0
DA:326,0
DA:329,0
DA:337,0
DA:341,0
DA:343,0
DA:347,4
DA:348,0
DA:349,0
DA:350,0
DA:354,0
DA:355,0
DA:356,0
DA:359,0
DA:360,0
DA:361,0
DA:364,0
DA:367,0
DA:372,0
DA:376,0
DA:378,0
DA:379,0
LF:149
LH:100
BRDA:22,0,0,0
BRDA:22,0,1,0
BRDA:33,1,0,1
BRDA:33,2,0,0
BRDA:33,2,1,4
BRDA:33,3,0,4
BRDA:33,3,1,4
BRDA:34,4,0,0
BRDA:34,5,0,0
BRDA:34,5,1,4
BRDA:34,6,0,4
BRDA:34,6,1,4
BRDA:35,7,0,0
BRDA:35,8,0,0
BRDA:35,8,1,4
BRDA:35,9,0,4
BRDA:35,9,1,4
BRDA:36,10,0,0
BRDA:36,11,0,0
BRDA:36,11,1,4
BRDA:36,12,0,4
BRDA:36,12,1,4
BRDA:48,13,0,1
BRDA:48,14,0,31
BRDA:48,14,1,30
BRDA:69,15,0,0
BRDA:69,15,1,18
BRDA:73,16,0,18
BRDA:75,17,0,1
BRDA:81,18,0,15
BRDA:81,18,1,15
BRDA:94,19,0,11
BRDA:94,19,1,2
BRDA:94,20,0,0
BRDA:94,20,1,11
BRDA:94,21,0,11
BRDA:94,21,1,11
BRDA:103,22,0,1
BRDA:115,23,0,13
BRDA:117,24,0,0
BRDA:121,25,0,0
BRDA:131,26,0,1
BRDA:132,27,0,1
BRDA:166,28,0,1
BRDA:182,29,0,1
BRDA:184,30,0,1
BRDA:184,30,1,0
BRDA:194,31,0,0
BRDA:199,32,0,2
BRDA:199,33,0,14
BRDA:199,33,1,11
BRDA:223,34,0,15
BRDA:223,35,0,84
BRDA:223,35,1,15
BRDA:232,36,0,12
BRDA:251,37,0,0
BRDA:252,38,0,0
BRDA:269,39,0,0
BRDA:279,40,0,0
BRDA:280,41,0,0
BRDA:293,42,0,2
BRDA:301,43,0,1
BRDA:324,44,0,0
BRDA:354,45,0,0
BRDA:360,46,0,0
BRF:65
BRH:42
end_of_record
TN:
SF:src/middleware/error.middleware.ts
FN:3,(anonymous_0)
FNF:1
FNH:0
FNDA:0,(anonymous_0)
DA:3,4
DA:9,0
DA:11,0
DA:12,0
DA:15,0
LF:5
LH:1
BRDA:11,0,0,0
BRF:1
BRH:0
end_of_record
TN:
SF:src/middleware/error.ts
FN:7,(anonymous_0)
FNF:1
FNH:1
FNDA:4,(anonymous_0)
DA:7,1
DA:13,4
DA:15,4
DA:16,4
DA:18,4
LF:5
LH:5
BRDA:15,0,0,4
BRDA:15,0,1,3
BRDA:16,1,0,4
BRDA:16,1,1,1
BRDA:22,2,0,4
BRDA:22,2,1,1
BRF:6
BRH:6
end_of_record
TN:
SF:src/middleware/file.ts
FN:7,(anonymous_1)
FN:13,(anonymous_2)
FN:32,(anonymous_3)
FN:33,(anonymous_4)
FNF:4
FNH:4
FNDA:3,(anonymous_1)
FNDA:4,(anonymous_2)
FNDA:6,(anonymous_3)
FNDA:6,(anonymous_4)
DA:1,4
DA:2,4
DA:5,4
DA:8,3
DA:9,3
DA:13,4
DA:14,4
DA:15,4
DA:17,4
DA:18,3
DA:20,1
DA:24,4
DA:32,4
DA:33,6
DA:34,6
DA:35,2
DA:36,1
DA:38,1
DA:40,4
LF:19
LH:19
BRDA:17,0,0,3
BRDA:17,0,1,1
BRDA:34,1,0,2
BRDA:35,2,0,1
BRF:4
BRH:4
end_of_record
TN:
SF:src/middleware/validation.ts
FN:3,(anonymous_0)
FNF:1
FNH:1
FNDA:24,(anonymous_0)
DA:3,4
DA:5,24
DA:6,9
DA:8,9
DA:9,3
DA:14,6
DA:15,6
DA:16,1
DA:21,5
DA:22,5
DA:23,5
DA:24,1
DA:32,19
DA:33,15
DA:35,15
DA:36,0
DA:37,0
DA:38,0
DA:44,15
DA:45,1
DA:46,1
DA:47,0
DA:54,19
LF:23
LH:19
BRDA:5,0,0,9
BRDA:8,1,0,3
BRDA:8,2,0,9
BRDA:8,2,1,6
BRDA:8,2,2,6
BRDA:15,3,0,1
BRDA:21,4,0,5
BRDA:23,5,0,1
BRDA:32,6,0,15
BRDA:35,7,0,0
BRDA:37,8,0,0
BRDA:44,9,0,1
BRDA:46,10,0,0
BRF:13
BRH:10
end_of_record
TN:
SF:src/routes/candidate.routes.ts
FNF:0
FNH:0
DA:1,4
DA:2,4
DA:11,4
DA:12,4
DA:14,4
DA:16,4
DA:17,4
DA:18,4
DA:19,4
DA:20,4
DA:21,4
DA:22,4
DA:24,4
LF:13
LH:13
BRF:0
BRH:0
end_of_record
TN:
SF:src/services/history.service.ts
FN:5,(anonymous_7)
FN:8,(anonymous_9)
FNF:2
FNH:2
FNDA:17,(anonymous_7)
FNDA:19,(anonymous_9)
DA:1,4
DA:2,4
DA:4,4
DA:6,17
DA:8,17
DA:9,19
DA:13,1
DA:17,16
DA:21,16
DA:22,1
DA:26,15
DA:27,1
DA:30,14
DA:32,14
DA:40,1
DA:43,3
DA:44,3
DA:46,0
LF:18
LH:17
BRDA:8,0,0,1
BRDA:8,1,0,17
BRDA:8,1,1,17
BRDA:9,2,0,19
BRDA:9,2,1,18
BRDA:9,2,2,18
BRDA:21,3,0,1
BRDA:26,4,0,1
BRDA:43,5,0,3
BRF:9
BRH:9
end_of_record
TN:
SF:src/tests/fixtures/test.helper.ts
FN:15,(anonymous_8)
FN:22,(anonymous_9)
FN:30,(anonymous_10)
FN:38,(anonymous_11)
FN:46,(anonymous_12)
FN:54,(anonymous_13)
FN:64,(anonymous_14)
FN:74,(anonymous_15)
FN:96,(anonymous_17)
FNF:9
FNH:9
FNDA:1,(anonymous_8)
FNDA:25,(anonymous_9)
FNDA:8,(anonymous_10)
FNDA:3,(anonymous_11)
FNDA:11,(anonymous_12)
FNDA:1,(anonymous_13)
FNDA:2,(anonymous_14)
FNDA:17,(anonymous_15)
FNDA:29,(anonymous_17)
DA:1,1
DA:3,1
DA:5,1
DA:12,1
DA:16,1
DA:23,25
DA:31,8
DA:39,3
DA:47,11
DA:55,1
DA:65,2
DA:75,17
DA:83,17
DA:84,17
DA:88,0
DA:89,0
DA:97,29
DA:98,29
DA:103,0
DA:104,0
LF:20
LH:16
BRDA:74,0,0,10
BRF:1
BRH:1
end_of_record
TN:
SF:src/types/candidate.types.ts
FN:2,(anonymous_0)
FN:8,(anonymous_1)
FNF:2
FNH:2
FNDA:4,(anonymous_0)
FNDA:4,(anonymous_1)
DA:2,4
DA:3,4
DA:4,4
DA:5,4
DA:8,4
DA:9,4
DA:10,4
DA:11,4
LF:8
LH:8
BRDA:2,0,0,4
BRDA:2,0,1,4
BRDA:8,1,0,4
BRDA:8,1,1,4
BRF:4
BRH:4
end_of_record
